Conversión de STEP a Solid Edge
Fecha: lunes,julio 15,2019 02:26p. m.
Archivo fuente: C:\Johnny\Facultad\10mo semestre\Robotica 2\Hexapodo\Proyecto Hexapodo\Hexapodo3D_Agil\DoMan DM-S2000MD.stp
Autor: Unknown
Organización: Unknown
Sistema de origen: DEX

Equipo:
Procesador: Intel(R) Core(TM) i5-3337U CPU @ 1.80GHz
Sistema operativo: Windows 8
Memoria instalada: 3.83 GB

Información del programa
Versión de Parasolid: 30.0.167
Versión de PSBodyShop: 30.0.81
Versión de Step Adapter: 3.0.52
Versión de Solid Edge: 110.00.03.003 x64

Opciones de importación de STEP
Importar cuerpos facetados: Activado
Importar cuerpos revisados: Desactivado
Importar curvas: Activado
Importar sin guardar: Activado
Importar varios cuerpos como archivo de una pieza: Activado
Importar superficies unidas: Activado
Importar sólidos booleanos: Activado
Crear operación base: Activado
Simplificar geometría: Activado
Importar curvas estampadas: Activado
Importar unidad de disco: C:
Importar superficies unidas: Activado
Importar superficies: Activado
Importar vía de acceso de salida: C:\Johnny\Facultad\10mo semestre\Robotica 2\Hexapodo\Proyecto Hexapodo\Hexapodo3D_Agil
Importar con vía de acceso de salida predeterminada habilitada: Activado
Importar vía de acceso: 

Convirtiendo a tipos de datos Parasolid...
+Empezar conjunto: 1
+Creado archivo de conjunto SE C:\Johnny\Facultad\10mo semestre\Robotica 2\Hexapodo\Proyecto Hexapodo\Hexapodo3D_Agil\DoMan DM-S2000MD_0.asm
|--+Creado archivo de pieza SE C:\Johnny\Facultad\10mo semestre\Robotica 2\Hexapodo\Proyecto Hexapodo\Hexapodo3D_Agil\DM-S200MD Body_0.par
|--+Creado archivo de pieza SE C:\Johnny\Facultad\10mo semestre\Robotica 2\Hexapodo\Proyecto Hexapodo\Hexapodo3D_Agil\DM-S200MD Top Cap_0.par
|--+Creado archivo de pieza SE C:\Johnny\Facultad\10mo semestre\Robotica 2\Hexapodo\Proyecto Hexapodo\Hexapodo3D_Agil\Top Gear_0.par
|--+Creado archivo de pieza SE C:\Johnny\Facultad\10mo semestre\Robotica 2\Hexapodo\Proyecto Hexapodo\Hexapodo3D_Agil\Screw_0.par
|--+Reutilizando archivo C:\Johnny\Facultad\10mo semestre\Robotica 2\Hexapodo\Proyecto Hexapodo\Hexapodo3D_Agil\Screw.par
|--+Reutilizando archivo C:\Johnny\Facultad\10mo semestre\Robotica 2\Hexapodo\Proyecto Hexapodo\Hexapodo3D_Agil\Screw.par
|--+Reutilizando archivo C:\Johnny\Facultad\10mo semestre\Robotica 2\Hexapodo\Proyecto Hexapodo\Hexapodo3D_Agil\Screw.par
+Piezas totales: 11
+Conjuntos: 0
+Cuerpos sólidos: 11
+Cuerpos de hoja: 0
+Terminar conjunto: 1
Proceso de conversión completado
Tiempo total requerido para convertir y posprocesar:00 : 00 : 39
